2026-03-25 00:42:04 [INFO] [instagram_unliker.py:154] Logging system initialized
2026-03-25 00:42:04 [INFO] [instagram_unliker.py:86] Loaded 0 excluded users
2026-03-25 00:42:10 [ERROR] [instagram_unliker.py:855] Error importing ensta: No module named 'moviepy.editor'
Traceback (most recent call last):
  File "/Users/aboeckmann/InstaMassUnlikerUpdated-December2025/instagram_unliker.py", line 851, in check_dependencies
    import ensta
  File "/Users/aboeckmann/InstaMassUnlikerUpdated-December2025/venv/lib/python3.12/site-packages/ensta/__init__.py", line 2, in <module>
    from ensta.WebSession import WebSession
  File "/Users/aboeckmann/InstaMassUnlikerUpdated-December2025/venv/lib/python3.12/site-packages/ensta/WebSession.py", line 8, in <module>
    import moviepy.editor
ModuleNotFoundError: No module named 'moviepy.editor'
2026-03-25 00:42:11 [INFO] [instagram_unliker.py:201] Successfully installed ensta
2026-03-25 00:42:11 [INFO] [instagram_unliker.py:159] Performing final cleanup...
2026-03-25 00:45:35 [INFO] [instagram_unliker.py:154] Logging system initialized
2026-03-25 00:45:35 [INFO] [instagram_unliker.py:86] Loaded 0 excluded users
2026-03-25 00:45:36 [ERROR] [instagram_unliker.py:855] Error importing ensta: No module named 'moviepy.editor'
Traceback (most recent call last):
  File "/Users/aboeckmann/InstaMassUnlikerUpdated-December2025/instagram_unliker.py", line 851, in check_dependencies
    import ensta
  File "/Users/aboeckmann/InstaMassUnlikerUpdated-December2025/venv/lib/python3.12/site-packages/ensta/__init__.py", line 2, in <module>
    from ensta.WebSession import WebSession
  File "/Users/aboeckmann/InstaMassUnlikerUpdated-December2025/venv/lib/python3.12/site-packages/ensta/WebSession.py", line 8, in <module>
    import moviepy.editor
ModuleNotFoundError: No module named 'moviepy.editor'
2026-03-25 00:45:36 [INFO] [instagram_unliker.py:201] Successfully installed ensta
2026-03-25 00:45:36 [INFO] [instagram_unliker.py:159] Performing final cleanup...
2026-03-25 00:48:14 [INFO] [instagram_unliker.py:154] Logging system initialized
2026-03-25 00:48:14 [INFO] [instagram_unliker.py:86] Loaded 0 excluded users
2026-03-25 00:48:15 [ERROR] [instagram_unliker.py:855] Error importing ensta: No module named 'moviepy.editor'
Traceback (most recent call last):
  File "/Users/aboeckmann/InstaMassUnlikerUpdated-December2025/instagram_unliker.py", line 851, in check_dependencies
    import ensta
  File "/Users/aboeckmann/InstaMassUnlikerUpdated-December2025/venv/lib/python3.12/site-packages/ensta/__init__.py", line 2, in <module>
    from ensta.WebSession import WebSession
  File "/Users/aboeckmann/InstaMassUnlikerUpdated-December2025/venv/lib/python3.12/site-packages/ensta/WebSession.py", line 8, in <module>
    import moviepy.editor
ModuleNotFoundError: No module named 'moviepy.editor'
2026-03-25 00:48:15 [INFO] [instagram_unliker.py:201] Successfully installed ensta
2026-03-25 00:48:15 [INFO] [instagram_unliker.py:159] Performing final cleanup...
2026-03-25 00:50:18 [INFO] [instagram_unliker.py:154] Logging system initialized
2026-03-25 00:50:18 [INFO] [instagram_unliker.py:86] Loaded 0 excluded users
2026-03-25 00:50:20 [INFO] [instagram_unliker.py:852] Successfully imported ensta
2026-03-25 00:50:20 [INFO] [instagram_unliker.py:831] Operating System: Darwin
2026-03-25 00:51:45 [INFO] [instagram_unliker.py:402] Loaded 442 followed accounts from following.json
2026-03-25 00:51:48 [ERROR] [instagram_unliker.py:466] Login failed: Two-factor is enabled. Please provide the totp_token while logging in.
2026-03-25 00:54:21 [INFO] [instagram_unliker.py:402] Loaded 442 followed accounts from following.json
